<?xml version="1.0" encoding="UTF-8"?>
<testng-results ignored="0" total="2" passed="2" failed="0" skipped="0">
  <reporter-output>
    <line>
      <![CDATA[Open Browser]]>
    </line>
    <line>
      <![CDATA[Open Browser]]>
    </line>
    <line>
      <![CDATA[Login]]>
    </line>
    <line>
      <![CDATA[Login]]>
    </line>
    <line>
      <![CDATA[Create Project]]>
    </line>
    <line>
      <![CDATA[Logout]]>
    </line>
    <line>
      <![CDATA[Close Browser]]>
    </line>
    <line>
      <![CDATA[Create Project]]>
    </line>
    <line>
      <![CDATA[Logout]]>
    </line>
    <line>
      <![CDATA[Close Browser]]>
    </line>
  </reporter-output>
  <suite started-at="2023-04-11T23:55:54 IST" name="Suite" finished-at="2023-04-11T23:56:20 IST" duration-ms="25730">
    <groups>
    </groups>
    <test started-at="2023-04-11T23:55:54 IST" name="Test2" finished-at="2023-04-11T23:56:08 IST" duration-ms="13902">
      <class name="ParallelExecution.Project">
        <test-method is-config="true" signature="openBrowser(java.lang.String)[pri:0, instance:ParallelExecution.Project@a530d0a]" started-at="2023-04-11T23:55:54 IST" name="openBrowser" finished-at="2023-04-11T23:55:57 IST" duration-ms="3268" status="PASS">
          <params>
            <param index="0">
              <value>
                <![CDATA[firefox]]>
              </value>
            </param>
          </params>
          <reporter-output>
            <line>
              <![CDATA[Open Browser]]>
            </line>
          </reporter-output>
        </test-method> <!-- openBrowser -->
        <test-method is-config="true" signature="login()[pri:0, instance:ParallelExecution.Project@a530d0a]" started-at="2023-04-11T23:55:57 IST" name="login" finished-at="2023-04-11T23:56:05 IST" duration-ms="8089" status="PASS">
          <reporter-output>
            <line>
              <![CDATA[Login]]>
            </line>
          </reporter-output>
        </test-method> <!-- login -->
        <test-method signature="createProject()[pri:0, instance:ParallelExecution.Project@a530d0a]" started-at="2023-04-11T23:56:05 IST" name="createProject" finished-at="2023-04-11T23:56:05 IST" duration-ms="20" status="PASS">
          <reporter-output>
            <line>
              <![CDATA[Create Project]]>
            </line>
          </reporter-output>
        </test-method> <!-- createProject -->
        <test-method is-config="true" signature="logout()[pri:0, instance:ParallelExecution.Project@a530d0a]" started-at="2023-04-11T23:56:05 IST" name="logout" finished-at="2023-04-11T23:56:07 IST" duration-ms="1962" status="FAIL">
          <exception class="org.openqa.selenium.ElementClickInterceptedException">
            <message>
              <![CDATA[Element <a id="logoutLink" class="logout" href="/logout.do"> is not clickable at point (1400,17) because another element <div id="preInsertedTransformedMoireId" class="transformedMoireClass"> obscures it
Build info: version: '3.141.59', revision: 'e82be7d358', time: '2018-11-14T08:25:53'
System info: host: 'Sangameshs-MacBook-Air.local', ip: '2406:7400:50:7e0:4484:bf2:1e0:1741%en0', os.name: 'Mac OS X', os.arch: 'x86_64', os.version: '13.3.1', java.version: '18.0.2.1'
Driver info: org.openqa.selenium.firefox.FirefoxDriver
Capabilities {acceptInsecureCerts: true, browserName: firefox, browserVersion: 111.0, javascriptEnabled: true, moz:accessibilityChecks: false, moz:buildID: 20230309232128, moz:geckodriverVersion: 0.32.2, moz:headless: false, moz:platformVersion: 22.4.0, moz:processID: 1009, moz:profile: /var/folders/3g/bkfb7qsn6_1..., moz:shutdownTimeout: 60000, moz:useNonSpecCompliantPointerOrigin: false, moz:webdriverClick: true, moz:windowless: false, pageLoadStrategy: normal, platform: MAC, platformName: MAC, proxy: Proxy(), setWindowRect: true, strictFileInteractability: false, timeouts: {implicit: 0, pageLoad: 300000, script: 30000}, unhandledPromptBehavior: dismiss and notify}
Session ID: 6e8b0689-4e1c-4e6a-86fd-0566984150e4]]>
            </message>
            <full-stacktrace>
              <![CDATA[org.openqa.selenium.ElementClickInterceptedException: Element <a id="logoutLink" class="logout" href="/logout.do"> is not clickable at point (1400,17) because another element <div id="preInsertedTransformedMoireId" class="transformedMoireClass"> obscures it
Build info: version: '3.141.59', revision: 'e82be7d358', time: '2018-11-14T08:25:53'
System info: host: 'Sangameshs-MacBook-Air.local', ip: '2406:7400:50:7e0:4484:bf2:1e0:1741%en0', os.name: 'Mac OS X', os.arch: 'x86_64', os.version: '13.3.1', java.version: '18.0.2.1'
Driver info: org.openqa.selenium.firefox.FirefoxDriver
Capabilities {acceptInsecureCerts: true, browserName: firefox, browserVersion: 111.0, javascriptEnabled: true, moz:accessibilityChecks: false, moz:buildID: 20230309232128, moz:geckodriverVersion: 0.32.2, moz:headless: false, moz:platformVersion: 22.4.0, moz:processID: 1009, moz:profile: /var/folders/3g/bkfb7qsn6_1..., moz:shutdownTimeout: 60000, moz:useNonSpecCompliantPointerOrigin: false, moz:webdriverClick: true, moz:windowless: false, pageLoadStrategy: normal, platform: MAC, platformName: MAC, proxy: Proxy(), setWindowRect: true, strictFileInteractability: false, timeouts: {implicit: 0, pageLoad: 300000, script: 30000}, unhandledPromptBehavior: dismiss and notify}
Session ID: 6e8b0689-4e1c-4e6a-86fd-0566984150e4
at java.base/jdk.internal.reflect.DirectConstructorHandleAccessor.newInstance(DirectConstructorHandleAccessor.java:67)
at java.base/java.lang.reflect.Constructor.newInstanceWithCaller(Constructor.java:499)
at java.base/java.lang.reflect.Constructor.newInstance(Constructor.java:483)
at org.openqa.selenium.remote.http.W3CHttpResponseCodec.createException(W3CHttpResponseCodec.java:187)
at org.openqa.selenium.remote.http.W3CHttpResponseCodec.decode(W3CHttpResponseCodec.java:122)
at org.openqa.selenium.remote.http.W3CHttpResponseCodec.decode(W3CHttpResponseCodec.java:49)
at org.openqa.selenium.remote.HttpCommandExecutor.execute(HttpCommandExecutor.java:158)
at org.openqa.selenium.remote.service.DriverCommandExecutor.execute(DriverCommandExecutor.java:83)
at org.openqa.selenium.remote.RemoteWebDriver.execute(RemoteWebDriver.java:552)
at org.openqa.selenium.remote.RemoteWebElement.execute(RemoteWebElement.java:285)
at org.openqa.selenium.remote.RemoteWebElement.click(RemoteWebElement.java:84)
at ParallelExecution.BaseC.logout(BaseC.java:55)
at java.base/jdk.internal.reflect.DirectMethodHandleAccessor.invoke(DirectMethodHandleAccessor.java:104)
at java.base/java.lang.reflect.Method.invoke(Method.java:577)
at org.testng.internal.MethodInvocationHelper.invokeMethod(MethodInvocationHelper.java:133)
at org.testng.internal.MethodInvocationHelper.invokeMethodConsideringTimeout(MethodInvocationHelper.java:62)
at org.testng.internal.ConfigInvoker.invokeConfigurationMethod(ConfigInvoker.java:385)
at org.testng.internal.ConfigInvoker.invokeConfigurations(ConfigInvoker.java:321)
at org.testng.internal.TestInvoker.runConfigMethods(TestInvoker.java:700)
at org.testng.internal.TestInvoker.runAfterGroupsConfigurations(TestInvoker.java:676)
at org.testng.internal.TestInvoker.invokeMethod(TestInvoker.java:660)
at org.testng.internal.TestInvoker.invokeTestMethod(TestInvoker.java:173)
at org.testng.internal.MethodRunner.runInSequence(MethodRunner.java:46)
at org.testng.internal.TestInvoker$MethodInvocationAgent.invoke(TestInvoker.java:824)
at org.testng.internal.TestInvoker.invokeTestMethods(TestInvoker.java:146)
at org.testng.internal.TestMethodWorker.invokeTestMethods(TestMethodWorker.java:146)
at org.testng.internal.TestMethodWorker.run(TestMethodWorker.java:128)
at java.base/java.util.ArrayList.forEach(ArrayList.java:1511)
at org.testng.TestRunner.privateRun(TestRunner.java:794)
at org.testng.TestRunner.run(TestRunner.java:596)
at org.testng.SuiteRunner.runTest(SuiteRunner.java:377)
at org.testng.SuiteRunner.access$000(SuiteRunner.java:28)
at org.testng.SuiteRunner$SuiteWorker.run(SuiteRunner.java:418)
at org.testng.internal.thread.ThreadUtil.lambda$execute$0(ThreadUtil.java:64)
at java.base/java.util.concurrent.FutureTask.run(FutureTask.java:264)
at java.base/java.util.concurrent.ThreadPoolExecutor.runWorker(ThreadPoolExecutor.java:1136)
at java.base/java.util.concurrent.ThreadPoolExecutor$Worker.run(ThreadPoolExecutor.java:635)
at java.base/java.lang.Thread.run(Thread.java:833)
]]>
            </full-stacktrace>
          </exception> <!-- org.openqa.selenium.ElementClickInterceptedException -->
          <reporter-output>
            <line>
              <![CDATA[Logout]]>
            </line>
          </reporter-output>
        </test-method> <!-- logout -->
        <test-method is-config="true" signature="closeBrowser()[pri:0, instance:ParallelExecution.Project@a530d0a]" started-at="2023-04-11T23:56:07 IST" name="closeBrowser" finished-at="2023-04-11T23:56:08 IST" duration-ms="516" status="PASS">
          <reporter-output>
            <line>
              <![CDATA[Close Browser]]>
            </line>
          </reporter-output>
        </test-method> <!-- closeBrowser -->
      </class> <!-- ParallelExecution.Project -->
    </test> <!-- Test2 -->
    <test started-at="2023-04-11T23:55:54 IST" name="Test1" finished-at="2023-04-11T23:56:20 IST" duration-ms="25730">
      <class name="ParallelExecution.Project">
        <test-method is-config="true" signature="openBrowser(java.lang.String)[pri:0, instance:ParallelExecution.Project@3fb1549b]" started-at="2023-04-11T23:55:54 IST" name="openBrowser" finished-at="2023-04-11T23:56:01 IST" duration-ms="6898" status="PASS">
          <params>
            <param index="0">
              <value>
                <![CDATA[chrome]]>
              </value>
            </param>
          </params>
          <reporter-output>
            <line>
              <![CDATA[Open Browser]]>
            </line>
          </reporter-output>
        </test-method> <!-- openBrowser -->
        <test-method is-config="true" signature="login()[pri:0, instance:ParallelExecution.Project@3fb1549b]" started-at="2023-04-11T23:56:01 IST" name="login" finished-at="2023-04-11T23:56:11 IST" duration-ms="10234" status="PASS">
          <reporter-output>
            <line>
              <![CDATA[Login]]>
            </line>
          </reporter-output>
        </test-method> <!-- login -->
        <test-method signature="createProject()[pri:0, instance:ParallelExecution.Project@3fb1549b]" started-at="2023-04-11T23:56:11 IST" name="createProject" finished-at="2023-04-11T23:56:11 IST" duration-ms="3" status="PASS">
          <reporter-output>
            <line>
              <![CDATA[Create Project]]>
            </line>
          </reporter-output>
        </test-method> <!-- createProject -->
        <test-method is-config="true" signature="logout()[pri:0, instance:ParallelExecution.Project@3fb1549b]" started-at="2023-04-11T23:56:11 IST" name="logout" finished-at="2023-04-11T23:56:20 IST" duration-ms="8425" status="PASS">
          <reporter-output>
            <line>
              <![CDATA[Logout]]>
            </line>
          </reporter-output>
        </test-method> <!-- logout -->
        <test-method is-config="true" signature="closeBrowser()[pri:0, instance:ParallelExecution.Project@3fb1549b]" started-at="2023-04-11T23:56:20 IST" name="closeBrowser" finished-at="2023-04-11T23:56:20 IST" duration-ms="157" status="PASS">
          <reporter-output>
            <line>
              <![CDATA[Close Browser]]>
            </line>
          </reporter-output>
        </test-method> <!-- closeBrowser -->
      </class> <!-- ParallelExecution.Project -->
    </test> <!-- Test1 -->
  </suite> <!-- Suite -->
</testng-results>
